<?xml version="1.0" encoding="UTF-8"?>
<testsuite xmlns:xsi="http://www.w3.org/2001/XMLSchema-instance" xsi:noNamespaceSchemaLocation="https://maven.apache.org/surefire/maven-surefire-plugin/xsd/surefire-test-report.xsd" name="mutant.business.BusinessMutantTest" time="0.51" tests="25" errors="0" skipped="0" failures="0">
  <properties>
    <property name="sun.desktop" value="windows"/>
    <property name="awt.toolkit" value="sun.awt.windows.WToolkit"/>
    <property name="file.encoding.pkg" value="sun.io"/>
    <property name="java.specification.version" value="1.8"/>
    <property name="sun.cpu.isalist" value="amd64"/>
    <property name="sun.jnu.encoding" value="Cp1252"/>
    <property name="java.class.path" value="D:\Z Heinner Personal\Java\Proyectos\LambdaMutants\java-mutants\target\test-classes;D:\Z Heinner Personal\Java\Proyectos\LambdaMutants\java-mutants\target\classes;D:\Usuarios\heinalri\.m2\repository\com\amazonaws\aws-lambda-java-core\1.2.1\aws-lambda-java-core-1.2.1.jar;D:\Usuarios\heinalri\.m2\repository\com\google\code\gson\gson\2.8.6\gson-2.8.6.jar;D:\Usuarios\heinalri\.m2\repository\org\apache\logging\log4j\log4j-api\2.17.2\log4j-api-2.17.2.jar;D:\Usuarios\heinalri\.m2\repository\org\apache\logging\log4j\log4j-core\2.17.2\log4j-core-2.17.2.jar;D:\Usuarios\heinalri\.m2\repository\org\apache\logging\log4j\log4j-slf4j18-impl\2.17.2\log4j-slf4j18-impl-2.17.2.jar;D:\Usuarios\heinalri\.m2\repository\org\slf4j\slf4j-api\1.8.0-beta4\slf4j-api-1.8.0-beta4.jar;D:\Usuarios\heinalri\.m2\repository\org\junit\jupiter\junit-jupiter-api\5.6.0\junit-jupiter-api-5.6.0.jar;D:\Usuarios\heinalri\.m2\repository\org\apiguardian\apiguardian-api\1.1.0\apiguardian-api-1.1.0.jar;D:\Usuarios\heinalri\.m2\repository\org\opentest4j\opentest4j\1.2.0\opentest4j-1.2.0.jar;D:\Usuarios\heinalri\.m2\repository\org\junit\platform\junit-platform-commons\1.6.0\junit-platform-commons-1.6.0.jar;D:\Usuarios\heinalri\.m2\repository\org\junit\jupiter\junit-jupiter-engine\5.6.0\junit-jupiter-engine-5.6.0.jar;D:\Usuarios\heinalri\.m2\repository\org\junit\platform\junit-platform-engine\1.6.0\junit-platform-engine-1.6.0.jar;D:\Usuarios\heinalri\.m2\repository\com\amazonaws\aws-java-sdk-dynamodb\1.11.0\aws-java-sdk-dynamodb-1.11.0.jar;D:\Usuarios\heinalri\.m2\repository\com\amazonaws\aws-java-sdk-s3\1.11.0\aws-java-sdk-s3-1.11.0.jar;D:\Usuarios\heinalri\.m2\repository\com\amazonaws\aws-java-sdk-kms\1.11.0\aws-java-sdk-kms-1.11.0.jar;D:\Usuarios\heinalri\.m2\repository\com\amazonaws\aws-java-sdk-core\1.11.0\aws-java-sdk-core-1.11.0.jar;D:\Usuarios\heinalri\.m2\repository\commons-logging\commons-logging\1.1.3\commons-logging-1.1.3.jar;D:\Usuarios\heinalri\.m2\repository\org\apache\httpcomponents\httpclient\4.5.2\httpclient-4.5.2.jar;D:\Usuarios\heinalri\.m2\repository\org\apache\httpcomponents\httpcore\4.4.4\httpcore-4.4.4.jar;D:\Usuarios\heinalri\.m2\repository\commons-codec\commons-codec\1.9\commons-codec-1.9.jar;D:\Usuarios\heinalri\.m2\repository\com\fasterxml\jackson\core\jackson-databind\2.5.3\jackson-databind-2.5.3.jar;D:\Usuarios\heinalri\.m2\repository\com\fasterxml\jackson\core\jackson-annotations\2.5.0\jackson-annotations-2.5.0.jar;D:\Usuarios\heinalri\.m2\repository\com\fasterxml\jackson\core\jackson-core\2.5.3\jackson-core-2.5.3.jar;D:\Usuarios\heinalri\.m2\repository\com\fasterxml\jackson\dataformat\jackson-dataformat-cbor\2.5.3\jackson-dataformat-cbor-2.5.3.jar;D:\Usuarios\heinalri\.m2\repository\joda-time\joda-time\2.8.1\joda-time-2.8.1.jar;D:\Usuarios\heinalri\.m2\repository\org\mockito\mockito-junit-jupiter\4.5.1\mockito-junit-jupiter-4.5.1.jar;D:\Usuarios\heinalri\.m2\repository\org\mockito\mockito-core\4.5.1\mockito-core-4.5.1.jar;D:\Usuarios\heinalri\.m2\repository\net\bytebuddy\byte-buddy\1.12.9\byte-buddy-1.12.9.jar;D:\Usuarios\heinalri\.m2\repository\net\bytebuddy\byte-buddy-agent\1.12.9\byte-buddy-agent-1.12.9.jar;D:\Usuarios\heinalri\.m2\repository\org\objenesis\objenesis\3.2\objenesis-3.2.jar;"/>
    <property name="java.vm.vendor" value="Oracle Corporation"/>
    <property name="sun.arch.data.model" value="64"/>
    <property name="user.variant" value=""/>
    <property name="java.vendor.url" value="http://java.oracle.com/"/>
    <property name="user.timezone" value="America/Bogota"/>
    <property name="java.vm.specification.version" value="1.8"/>
    <property name="os.name" value="Windows 10"/>
    <property name="user.country" value="CO"/>
    <property name="sun.java.launcher" value="SUN_STANDARD"/>
    <property name="sun.boot.library.path" value="C:\Program Files\Java\jdk1.8.0_73\jre\bin"/>
    <property name="sun.java.command" value="D:\Usuarios\heinalri\AppData\Local\Temp\surefire7743136078074921481\surefirebooter3315293822563852325.jar D:\Usuarios\heinalri\AppData\Local\Temp\surefire7743136078074921481 2022-05-16T10-50-32_134-jvmRun1 surefire4174883807317069987tmp surefire_0821429002144867663tmp"/>
    <property name="surefire.test.class.path" value="D:\Z Heinner Personal\Java\Proyectos\LambdaMutants\java-mutants\target\test-classes;D:\Z Heinner Personal\Java\Proyectos\LambdaMutants\java-mutants\target\classes;D:\Usuarios\heinalri\.m2\repository\com\amazonaws\aws-lambda-java-core\1.2.1\aws-lambda-java-core-1.2.1.jar;D:\Usuarios\heinalri\.m2\repository\com\google\code\gson\gson\2.8.6\gson-2.8.6.jar;D:\Usuarios\heinalri\.m2\repository\org\apache\logging\log4j\log4j-api\2.17.2\log4j-api-2.17.2.jar;D:\Usuarios\heinalri\.m2\repository\org\apache\logging\log4j\log4j-core\2.17.2\log4j-core-2.17.2.jar;D:\Usuarios\heinalri\.m2\repository\org\apache\logging\log4j\log4j-slf4j18-impl\2.17.2\log4j-slf4j18-impl-2.17.2.jar;D:\Usuarios\heinalri\.m2\repository\org\slf4j\slf4j-api\1.8.0-beta4\slf4j-api-1.8.0-beta4.jar;D:\Usuarios\heinalri\.m2\repository\org\junit\jupiter\junit-jupiter-api\5.6.0\junit-jupiter-api-5.6.0.jar;D:\Usuarios\heinalri\.m2\repository\org\apiguardian\apiguardian-api\1.1.0\apiguardian-api-1.1.0.jar;D:\Usuarios\heinalri\.m2\repository\org\opentest4j\opentest4j\1.2.0\opentest4j-1.2.0.jar;D:\Usuarios\heinalri\.m2\repository\org\junit\platform\junit-platform-commons\1.6.0\junit-platform-commons-1.6.0.jar;D:\Usuarios\heinalri\.m2\repository\org\junit\jupiter\junit-jupiter-engine\5.6.0\junit-jupiter-engine-5.6.0.jar;D:\Usuarios\heinalri\.m2\repository\org\junit\platform\junit-platform-engine\1.6.0\junit-platform-engine-1.6.0.jar;D:\Usuarios\heinalri\.m2\repository\com\amazonaws\aws-java-sdk-dynamodb\1.11.0\aws-java-sdk-dynamodb-1.11.0.jar;D:\Usuarios\heinalri\.m2\repository\com\amazonaws\aws-java-sdk-s3\1.11.0\aws-java-sdk-s3-1.11.0.jar;D:\Usuarios\heinalri\.m2\repository\com\amazonaws\aws-java-sdk-kms\1.11.0\aws-java-sdk-kms-1.11.0.jar;D:\Usuarios\heinalri\.m2\repository\com\amazonaws\aws-java-sdk-core\1.11.0\aws-java-sdk-core-1.11.0.jar;D:\Usuarios\heinalri\.m2\repository\commons-logging\commons-logging\1.1.3\commons-logging-1.1.3.jar;D:\Usuarios\heinalri\.m2\repository\org\apache\httpcomponents\httpclient\4.5.2\httpclient-4.5.2.jar;D:\Usuarios\heinalri\.m2\repository\org\apache\httpcomponents\httpcore\4.4.4\httpcore-4.4.4.jar;D:\Usuarios\heinalri\.m2\repository\commons-codec\commons-codec\1.9\commons-codec-1.9.jar;D:\Usuarios\heinalri\.m2\repository\com\fasterxml\jackson\core\jackson-databind\2.5.3\jackson-databind-2.5.3.jar;D:\Usuarios\heinalri\.m2\repository\com\fasterxml\jackson\core\jackson-annotations\2.5.0\jackson-annotations-2.5.0.jar;D:\Usuarios\heinalri\.m2\repository\com\fasterxml\jackson\core\jackson-core\2.5.3\jackson-core-2.5.3.jar;D:\Usuarios\heinalri\.m2\repository\com\fasterxml\jackson\dataformat\jackson-dataformat-cbor\2.5.3\jackson-dataformat-cbor-2.5.3.jar;D:\Usuarios\heinalri\.m2\repository\joda-time\joda-time\2.8.1\joda-time-2.8.1.jar;D:\Usuarios\heinalri\.m2\repository\org\mockito\mockito-junit-jupiter\4.5.1\mockito-junit-jupiter-4.5.1.jar;D:\Usuarios\heinalri\.m2\repository\org\mockito\mockito-core\4.5.1\mockito-core-4.5.1.jar;D:\Usuarios\heinalri\.m2\repository\net\bytebuddy\byte-buddy\1.12.9\byte-buddy-1.12.9.jar;D:\Usuarios\heinalri\.m2\repository\net\bytebuddy\byte-buddy-agent\1.12.9\byte-buddy-agent-1.12.9.jar;D:\Usuarios\heinalri\.m2\repository\org\objenesis\objenesis\3.2\objenesis-3.2.jar;"/>
    <property name="sun.cpu.endian" value="little"/>
    <property name="user.home" value="D:\Usuarios\heinalri"/>
    <property name="user.language" value="es"/>
    <property name="java.specification.vendor" value="Oracle Corporation"/>
    <property name="java.home" value="C:\Program Files\Java\jdk1.8.0_73\jre"/>
    <property name="basedir" value="D:\Z Heinner Personal\Java\Proyectos\LambdaMutants\java-mutants"/>
    <property name="file.separator" value="\"/>
    <property name="line.separator" value="&#10;"/>
    <property name="java.vm.specification.vendor" value="Oracle Corporation"/>
    <property name="java.specification.name" value="Java Platform API Specification"/>
    <property name="java.awt.graphicsenv" value="sun.awt.Win32GraphicsEnvironment"/>
    <property name="surefire.real.class.path" value="D:\Usuarios\heinalri\AppData\Local\Temp\surefire7743136078074921481\surefirebooter3315293822563852325.jar"/>
    <property name="sun.boot.class.path" value="C:\Program Files\Java\jdk1.8.0_73\jre\lib\resources.jar;C:\Program Files\Java\jdk1.8.0_73\jre\lib\rt.jar;C:\Program Files\Java\jdk1.8.0_73\jre\lib\sunrsasign.jar;C:\Program Files\Java\jdk1.8.0_73\jre\lib\jsse.jar;C:\Program Files\Java\jdk1.8.0_73\jre\lib\jce.jar;C:\Program Files\Java\jdk1.8.0_73\jre\lib\charsets.jar;C:\Program Files\Java\jdk1.8.0_73\jre\lib\jfr.jar;C:\Program Files\Java\jdk1.8.0_73\jre\classes"/>
    <property name="user.script" value=""/>
    <property name="sun.management.compiler" value="HotSpot 64-Bit Tiered Compilers"/>
    <property name="java.runtime.version" value="1.8.0_73-b02"/>
    <property name="user.name" value="heinalri"/>
    <property name="path.separator" value=";"/>
    <property name="os.version" value="10.0"/>
    <property name="java.endorsed.dirs" value="C:\Program Files\Java\jdk1.8.0_73\jre\lib\endorsed"/>
    <property name="java.runtime.name" value="Java(TM) SE Runtime Environment"/>
    <property name="file.encoding" value="Cp1252"/>
    <property name="java.vm.name" value="Java HotSpot(TM) 64-Bit Server VM"/>
    <property name="localRepository" value="D:\Usuarios\heinalri\.m2\repository"/>
    <property name="java.vendor.url.bug" value="http://bugreport.sun.com/bugreport/"/>
    <property name="java.io.tmpdir" value="D:\Usuarios\heinalri\AppData\Local\Temp\"/>
    <property name="java.version" value="1.8.0_73"/>
    <property name="user.dir" value="D:\Z Heinner Personal\Java\Proyectos\LambdaMutants\java-mutants"/>
    <property name="os.arch" value="amd64"/>
    <property name="java.vm.specification.name" value="Java Virtual Machine Specification"/>
    <property name="java.awt.printerjob" value="sun.awt.windows.WPrinterJob"/>
    <property name="sun.os.patch.level" value=""/>
    <property name="java.library.path" value="C:\Program Files\Java\jdk1.8.0_73\jre\bin;C:\WINDOWS\Sun\Java\bin;C:\WINDOWS\system32;C:\WINDOWS;C:/Program Files/Java/jdk1.8.0_73/bin/../jre/bin/server;C:/Program Files/Java/jdk1.8.0_73/bin/../jre/bin;C:/Program Files/Java/jdk1.8.0_73/bin/../jre/lib/amd64;C:\Program Files (x86)\VMware\VMware Player\bin\;C:\Program Files\Java\jdk1.8.0_73\bin;C:\oracle\product\11.2.0\client_1\bin;C:\oracle\FORMS6I\BIN;C:\windows\system32;C:\windows;C:\windows\System32\Wbem;C:\windows\System32\WindowsPowerShell\v1.0\;C:\Program Files (x86)\CA\SC\Csam\SockAdapter\bin;C:\Program Files (x86)\CA\SC\Csam\SockAdapter\bin64;C:\Program Files (x86)\CA\DSM\bin;C:\Program Files (x86)\CA\DSM\Bin\;C:\POWERBUILDER\PB802DK;C:\POWERBUILDER\PB105BK;C:\Program Files (x86)\NVIDIA Corporation\PhysX\Common;C:\Program Files (x86)\Sybase\Shared\PowerBuilder\;C:\Program Files (x86)\Sybase\Shared\PowerBuilder;C:\windows\Microsoft.NET\Framework\v2.0.50727;C:\Program Files\Git\cmd;C:\Program Files\PuTTY\;C:\WINDOWS\system32;C:\WINDOWS;C:\WINDOWS\System32\Wbem;C:\WINDOWS\System32\WindowsPowerShell\v1.0\;C:\WINDOWS\System32\OpenSSH\;C:\Program Files (x86)\Symantec\VIP Access Client\;C:\Program Files\TortoiseSVN\bin;C:\Program Files\nodejs\;C:\Program Files\Java\jdk1.8.0_73\bin;C:\Program Files (x86)\Sybase\Shared\PowerBuilder\;D:\Usuarios\heinalri\AppData\Local\Microsoft\WindowsApps;C:\Program Files\Microsoft VS Code\bin;D:\Usuarios\heinalri\AppData\Local\Microsoft\WindowsApps;D:\Usuarios\heinalri\AppData\Roaming\npm;D:\Utilidades\Instaladores\Eclipse 2019_12\eclipse;;."/>
    <property name="java.vm.info" value="mixed mode"/>
    <property name="java.vendor" value="Oracle Corporation"/>
    <property name="java.vm.version" value="25.73-b02"/>
    <property name="java.ext.dirs" value="C:\Program Files\Java\jdk1.8.0_73\jre\lib\ext;C:\WINDOWS\Sun\Java\lib\ext"/>
    <property name="sun.io.unicode.encoding" value="UnicodeLittle"/>
    <property name="java.class.version" value="52.0"/>
  </properties>
  <testcase name="oneMutantStringInDiagonals" classname="mutant.business.BusinessMutantTest" time="0.454"/>
  <testcase name="twoConsecutiveMutantStringsSameLetter" classname="mutant.business.BusinessMutantTest" time="0"/>
  <testcase name="zeroMutantStringInColumns" classname="mutant.business.BusinessMutantTest" time="0.001"/>
  <testcase name="zeroMutantStringInDiagonals" classname="mutant.business.BusinessMutantTest" time="0.001"/>
  <testcase name="zeroMutantStringInRows" classname="mutant.business.BusinessMutantTest" time="0.001"/>
  <testcase name="validateStats" classname="mutant.business.BusinessMutantTest" time="0.014"/>
  <testcase name="isMutantVerify2" classname="mutant.business.BusinessMutantTest" time="0.002"/>
  <testcase name="twoMutantStringInRows" classname="mutant.business.BusinessMutantTest" time="0.001"/>
  <testcase name="twoNonConsecutiveMutantStrings" classname="mutant.business.BusinessMutantTest" time="0"/>
  <testcase name="notMutantString" classname="mutant.business.BusinessMutantTest" time="0.003"/>
  <testcase name="oneMutantStringInColumns" classname="mutant.business.BusinessMutantTest" time="0.001"/>
  <testcase name="twoConsecutiveMutantStrings" classname="mutant.business.BusinessMutantTest" time="0"/>
  <testcase name="oneOnlyMutantString" classname="mutant.business.BusinessMutantTest" time="0"/>
  <testcase name="isInvalidMatrix" classname="mutant.business.BusinessMutantTest" time="0"/>
  <testcase name="twoMutantStringInRowsInOneString" classname="mutant.business.BusinessMutantTest" time="0"/>
  <testcase name="isValidMatrix" classname="mutant.business.BusinessMutantTest" time="0.001"/>
  <testcase name="isMutantVerify" classname="mutant.business.BusinessMutantTest" time="0.001"/>
  <testcase name="isNotMutantVerify" classname="mutant.business.BusinessMutantTest" time="0"/>
  <testcase name="isMutantStringA" classname="mutant.business.BusinessMutantTest" time="0.001"/>
  <testcase name="isMutantStringC" classname="mutant.business.BusinessMutantTest" time="0.001"/>
  <testcase name="isMutantStringG" classname="mutant.business.BusinessMutantTest" time="0.003"/>
  <testcase name="isMutantStringT" classname="mutant.business.BusinessMutantTest" time="0.001"/>
  <testcase name="validateStatsWithZeroAnalisys" classname="mutant.business.BusinessMutantTest" time="0.001"/>
  <testcase name="zeroMutantStrings" classname="mutant.business.BusinessMutantTest" time="0.001"/>
  <testcase name="oneMutantStringInRows" classname="mutant.business.BusinessMutantTest" time="0.001"/>
</testsuite>